project_pember/android/app/build/intermediates/manifest_merge_blame_file/debug/processDebugMainManifest/manifest-merger-blame-debug-report.txt
1<?xml version="1.0" encoding="utf-8"?>
2<manifest xmlns:android="http://schemas.android.com/apk/res/android"
3    package="com.example.project_pember"
4    android:versionCode="1"
5    android:versionName="1.0" >
6
7    <uses-sdk
8        android:minSdkVersion="23"
9        android:targetSdkVersion="35" />
10    <!--
11         The INTERNET permission is required for development. Specifically,
12         the Flutter tool needs it to communicate with the running application
13         to allow setting breakpoints, to provide hot reload, etc.
14    -->
15    <uses-permission android:name="android.permission.INTERNET" />
15-->src\main\AndroidManifest.xml:12:5-66
15-->src\main\AndroidManifest.xml:12:22-64
16    <!-- Permissions -->
17    <uses-permission android:name="android.permission.CAMERA" />
17-->src\main\AndroidManifest.xml:6:5-64
17-->src\main\AndroidManifest.xml:6:22-62
18    <uses-permission android:name="android.permission.READ_EXTERNAL_STORAGE" />
18-->src\main\AndroidManifest.xml:7:5-79
18-->src\main\AndroidManifest.xml:7:22-77
19    <uses-permission android:name="android.permission.WRITE_EXTERNAL_STORAGE" />
19-->src\main\AndroidManifest.xml:8:5-80
19-->src\main\AndroidManifest.xml:8:22-78
20    <uses-permission android:name="android.permission.ACCESS_COARSE_LOCATION" />
20-->src\main\AndroidManifest.xml:9:5-80
20-->src\main\AndroidManifest.xml:9:22-78
21    <uses-permission android:name="android.permission.ACCESS_FINE_LOCATION" />
21-->src\main\AndroidManifest.xml:10:5-78
21-->src\main\AndroidManifest.xml:10:22-76
22    <uses-permission android:name="android.permission.ACCESS_BACKGROUND_LOCATION" />
22-->src\main\AndroidManifest.xml:11:5-84
22-->src\main\AndroidManifest.xml:11:22-82
23    <uses-permission android:name="android.permission.ACCESS_NETWORK_STATE" /> <!-- Query permissions -->
23-->src\main\AndroidManifest.xml:13:5-78
23-->src\main\AndroidManifest.xml:13:22-76
24    <queries>
24-->src\main\AndroidManifest.xml:60:5-65:15
25        <intent>
25-->src\main\AndroidManifest.xml:61:9-64:18
26            <action android:name="android.intent.action.PROCESS_TEXT" />
26-->src\main\AndroidManifest.xml:62:13-72
26-->src\main\AndroidManifest.xml:62:21-70
27
28            <data android:mimeType="text/plain" />
28-->src\main\AndroidManifest.xml:63:13-50
28-->src\main\AndroidManifest.xml:63:19-48
29        </intent>
30        <intent>
30-->[:file_picker] AndroidManifest.xml:8:9-12:18
31            <action android:name="android.intent.action.GET_CONTENT" />
31-->[:file_picker] AndroidManifest.xml:9:13-72
31-->[:file_picker] AndroidManifest.xml:9:21-69
32
33            <data android:mimeType="*/*" />
33-->src\main\AndroidManifest.xml:63:13-50
33-->src\main\AndroidManifest.xml:63:19-48
34        </intent>
35    </queries>
36
37    <uses-permission android:name="android.permission.POST_NOTIFICATIONS" />
37-->[com.google.firebase:firebase-messaging:24.1.1] AndroidManifest.xml:23:5-77
37-->[com.google.firebase:firebase-messaging:24.1.1] AndroidManifest.xml:23:22-74
38    <uses-permission android:name="android.permission.WAKE_LOCK" /> <!-- Required by older versions of Google Play services to create IID tokens -->
38-->[com.google.firebase:firebase-messaging:24.1.1] AndroidManifest.xml:24:5-68
38-->[com.google.firebase:firebase-messaging:24.1.1] AndroidManifest.xml:24:22-65
39    <uses-permission android:name="com.google.android.c2dm.permission.RECEIVE" />
39-->[com.google.firebase:firebase-messaging:24.1.1] AndroidManifest.xml:26:5-82
39-->[com.google.firebase:firebase-messaging:24.1.1] AndroidManifest.xml:26:22-79
40    <uses-permission android:name="com.google.android.providers.gsf.permission.READ_GSERVICES" />
40-->[com.google.android.recaptcha:recaptcha:18.6.1] AndroidManifest.xml:9:5-98
40-->[com.google.android.recaptcha:recaptcha:18.6.1] AndroidManifest.xml:9:22-95
41
42    <permission
42-->[androidx.core:core:1.15.0] AndroidManifest.xml:22:5-24:47
43        android:name="com.example.project_pember.DYNAMIC_RECEIVER_NOT_EXPORTED_PERMISSION"
43-->[androidx.core:core:1.15.0] AndroidManifest.xml:23:9-81
44        android:protectionLevel="signature" />
44-->[androidx.core:core:1.15.0] AndroidManifest.xml:24:9-44
45
46    <uses-permission android:name="com.example.project_pember.DYNAMIC_RECEIVER_NOT_EXPORTED_PERMISSION" /> <!-- Application -->
46-->[androidx.core:core:1.15.0] AndroidManifest.xml:26:5-97
46-->[androidx.core:core:1.15.0] AndroidManifest.xml:26:22-94
47    <application
48        android:name="android.app.Application"
49        android:appComponentFactory="androidx.core.app.CoreComponentFactory"
49-->[androidx.core:core:1.15.0] AndroidManifest.xml:28:18-86
50        android:debuggable="true"
51        android:extractNativeLibs="false"
52        android:icon="@mipmap/ic_launcher"
53        android:label="project_pember" >
54
55        <!-- FileProvider -->
56        <provider
57            android:name="androidx.core.content.FileProvider"
58            android:authorities="com.example.project_pember.fileprovider"
59            android:exported="false"
60            android:grantUriPermissions="true" >
61            <meta-data
61-->[:image_picker_android] AndroidManifest.xml:14:13-16:75
62                android:name="android.support.FILE_PROVIDER_PATHS"
62-->[:image_picker_android] AndroidManifest.xml:15:17-67
63                android:resource="@xml/file_paths" />
63-->[:image_picker_android] AndroidManifest.xml:16:17-72
64        </provider>
65
66        <!-- Main Activity -->
67        <activity
68            android:name="com.example.project_pember.MainActivity"
69            android:configChanges="orientation|keyboardHidden|keyboard|screenSize|smallestScreenSize|locale|layoutDirection|fontScale|screenLayout|density|uiMode"
70            android:exported="true"
71            android:hardwareAccelerated="true"
72            android:launchMode="singleTop"
73            android:taskAffinity=""
74            android:theme="@style/LaunchTheme"
75            android:windowSoftInputMode="adjustResize" >
76            <meta-data
77                android:name="io.flutter.embedding.android.NormalTheme"
78                android:resource="@style/NormalTheme" />
79
80            <intent-filter>
81                <action android:name="android.intent.action.MAIN" />
82
83                <category android:name="android.intent.category.LAUNCHER" />
84            </intent-filter>
85        </activity>
86
87        <!-- Flutter Plugin Registrant -->
88        <meta-data
89            android:name="flutterEmbedding"
90            android:value="2" />
91
92        <service
92-->[:cloud_firestore] AndroidManifest.xml:8:9-12:19
93            android:name="com.google.firebase.components.ComponentDiscoveryService"
93-->[:cloud_firestore] AndroidManifest.xml:8:18-89
94            android:directBootAware="true"
94-->[com.google.firebase:firebase-common:21.0.0] AndroidManifest.xml:32:13-43
95            android:exported="false" >
95-->[com.google.firebase:firebase-auth:23.2.0] AndroidManifest.xml:68:13-37
96            <meta-data
96-->[:cloud_firestore] AndroidManifest.xml:9:13-11:85
97                android:name="com.google.firebase.components:io.flutter.plugins.firebase.firestore.FlutterFirebaseFirestoreRegistrar"
97-->[:cloud_firestore] AndroidManifest.xml:10:17-134
98                android:value="com.google.firebase.components.ComponentRegistrar" />
98-->[:cloud_firestore] AndroidManifest.xml:11:17-82
99            <meta-data
99-->[:firebase_auth] AndroidManifest.xml:9:13-11:85
100                android:name="com.google.firebase.components:io.flutter.plugins.firebase.auth.FlutterFirebaseAuthRegistrar"
100-->[:firebase_auth] AndroidManifest.xml:10:17-124
101                android:value="com.google.firebase.components.ComponentRegistrar" />
101-->[:firebase_auth] AndroidManifest.xml:11:17-82
102            <meta-data
102-->[:firebase_storage] AndroidManifest.xml:9:13-11:85
103                android:name="com.google.firebase.components:io.flutter.plugins.firebase.storage.FlutterFirebaseAppRegistrar"
103-->[:firebase_storage] AndroidManifest.xml:10:17-126
104                android:value="com.google.firebase.components.ComponentRegistrar" />
104-->[:firebase_storage] AndroidManifest.xml:11:17-82
105            <meta-data
105-->[:firebase_core] AndroidManifest.xml:9:13-11:85
106                android:name="com.google.firebase.components:io.flutter.plugins.firebase.core.FlutterFirebaseCoreRegistrar"
106-->[:firebase_core] AndroidManifest.xml:10:17-124
107                android:value="com.google.firebase.components.ComponentRegistrar" />
107-->[:firebase_core] AndroidManifest.xml:11:17-82
108            <meta-data
108-->[com.google.firebase:firebase-auth:23.2.0] AndroidManifest.xml:69:13-71:85
109                android:name="com.google.firebase.components:com.google.firebase.auth.FirebaseAuthRegistrar"
109-->[com.google.firebase:firebase-auth:23.2.0] AndroidManifest.xml:70:17-109
110                android:value="com.google.firebase.components.ComponentRegistrar" />
110-->[com.google.firebase:firebase-auth:23.2.0] AndroidManifest.xml:71:17-82
111            <meta-data
111-->[com.google.firebase:firebase-firestore:25.1.3] AndroidManifest.xml:17:13-19:85
112                android:name="com.google.firebase.components:com.google.firebase.firestore.FirebaseFirestoreKtxRegistrar"
112-->[com.google.firebase:firebase-firestore:25.1.3] AndroidManifest.xml:18:17-122
113                android:value="com.google.firebase.components.ComponentRegistrar" />
113-->[com.google.firebase:firebase-firestore:25.1.3] AndroidManifest.xml:19:17-82
114            <meta-data
114-->[com.google.firebase:firebase-firestore:25.1.3] AndroidManifest.xml:20:13-22:85
115                android:name="com.google.firebase.components:com.google.firebase.firestore.FirestoreRegistrar"
115-->[com.google.firebase:firebase-firestore:25.1.3] AndroidManifest.xml:21:17-111
116                android:value="com.google.firebase.components.ComponentRegistrar" />
116-->[com.google.firebase:firebase-firestore:25.1.3] AndroidManifest.xml:22:17-82
117            <meta-data
117-->[com.google.firebase:firebase-messaging:24.1.1] AndroidManifest.xml:57:13-59:85
118                android:name="com.google.firebase.components:com.google.firebase.messaging.FirebaseMessagingKtxRegistrar"
118-->[com.google.firebase:firebase-messaging:24.1.1] AndroidManifest.xml:58:17-122
119                android:value="com.google.firebase.components.ComponentRegistrar" />
119-->[com.google.firebase:firebase-messaging:24.1.1] AndroidManifest.xml:59:17-82
120            <meta-data
120-->[com.google.firebase:firebase-messaging:24.1.1] AndroidManifest.xml:60:13-62:85
121                android:name="com.google.firebase.components:com.google.firebase.messaging.FirebaseMessagingRegistrar"
121-->[com.google.firebase:firebase-messaging:24.1.1] AndroidManifest.xml:61:17-119
122                android:value="com.google.firebase.components.ComponentRegistrar" />
122-->[com.google.firebase:firebase-messaging:24.1.1] AndroidManifest.xml:62:17-82
123            <meta-data
123-->[com.google.firebase:firebase-storage:21.0.1] AndroidManifest.xml:30:13-32:85
124                android:name="com.google.firebase.components:com.google.firebase.storage.FirebaseStorageKtxRegistrar"
124-->[com.google.firebase:firebase-storage:21.0.1] AndroidManifest.xml:31:17-118
125                android:value="com.google.firebase.components.ComponentRegistrar" />
125-->[com.google.firebase:firebase-storage:21.0.1] AndroidManifest.xml:32:17-82
126            <meta-data
126-->[com.google.firebase:firebase-storage:21.0.1] AndroidManifest.xml:33:13-35:85
127                android:name="com.google.firebase.components:com.google.firebase.storage.StorageRegistrar"
127-->[com.google.firebase:firebase-storage:21.0.1] AndroidManifest.xml:34:17-107
128                android:value="com.google.firebase.components.ComponentRegistrar" />
128-->[com.google.firebase:firebase-storage:21.0.1] AndroidManifest.xml:35:17-82
129            <meta-data
129-->[com.google.firebase:firebase-appcheck:18.0.0] AndroidManifest.xml:25:13-27:85
130                android:name="com.google.firebase.components:com.google.firebase.appcheck.FirebaseAppCheckKtxRegistrar"
130-->[com.google.firebase:firebase-appcheck:18.0.0] AndroidManifest.xml:26:17-120
131                android:value="com.google.firebase.components.ComponentRegistrar" />
131-->[com.google.firebase:firebase-appcheck:18.0.0] AndroidManifest.xml:27:17-82
132            <meta-data
132-->[com.google.firebase:firebase-appcheck:18.0.0] AndroidManifest.xml:28:13-30:85
133                android:name="com.google.firebase.components:com.google.firebase.appcheck.FirebaseAppCheckRegistrar"
133-->[com.google.firebase:firebase-appcheck:18.0.0] AndroidManifest.xml:29:17-117
134                android:value="com.google.firebase.components.ComponentRegistrar" />
134-->[com.google.firebase:firebase-appcheck:18.0.0] AndroidManifest.xml:30:17-82
135            <meta-data
135-->[com.google.firebase:firebase-installations:18.0.0] AndroidManifest.xml:15:13-17:85
136                android:name="com.google.firebase.components:com.google.firebase.installations.FirebaseInstallationsKtxRegistrar"
136-->[com.google.firebase:firebase-installations:18.0.0] AndroidManifest.xml:16:17-130
137                android:value="com.google.firebase.components.ComponentRegistrar" />
137-->[com.google.firebase:firebase-installations:18.0.0] AndroidManifest.xml:17:17-82
138            <meta-data
138-->[com.google.firebase:firebase-installations:18.0.0] AndroidManifest.xml:18:13-20:85
139                android:name="com.google.firebase.components:com.google.firebase.installations.FirebaseInstallationsRegistrar"
139-->[com.google.firebase:firebase-installations:18.0.0] AndroidManifest.xml:19:17-127
140                android:value="com.google.firebase.components.ComponentRegistrar" />
140-->[com.google.firebase:firebase-installations:18.0.0] AndroidManifest.xml:20:17-82
141            <meta-data
141-->[com.google.firebase:firebase-common-ktx:21.0.0] AndroidManifest.xml:12:13-14:85
142                android:name="com.google.firebase.components:com.google.firebase.ktx.FirebaseCommonLegacyRegistrar"
142-->[com.google.firebase:firebase-common-ktx:21.0.0] AndroidManifest.xml:13:17-116
143                android:value="com.google.firebase.components.ComponentRegistrar" />
143-->[com.google.firebase:firebase-common-ktx:21.0.0] AndroidManifest.xml:14:17-82
144            <meta-data
144-->[com.google.firebase:firebase-common:21.0.0] AndroidManifest.xml:35:13-37:85
145                android:name="com.google.firebase.components:com.google.firebase.FirebaseCommonKtxRegistrar"
145-->[com.google.firebase:firebase-common:21.0.0] AndroidManifest.xml:36:17-109
146                android:value="com.google.firebase.components.ComponentRegistrar" />
146-->[com.google.firebase:firebase-common:21.0.0] AndroidManifest.xml:37:17-82
147            <meta-data
147-->[com.google.firebase:firebase-datatransport:18.2.0] AndroidManifest.xml:25:13-27:85
148                android:name="com.google.firebase.components:com.google.firebase.datatransport.TransportRegistrar"
148-->[com.google.firebase:firebase-datatransport:18.2.0] AndroidManifest.xml:26:17-115
149                android:value="com.google.firebase.components.ComponentRegistrar" />
149-->[com.google.firebase:firebase-datatransport:18.2.0] AndroidManifest.xml:27:17-82
150        </service>
151
152        <provider
152-->[:image_picker_android] AndroidManifest.xml:9:9-17:20
153            android:name="io.flutter.plugins.imagepicker.ImagePickerFileProvider"
153-->[:image_picker_android] AndroidManifest.xml:10:13-82
154            android:authorities="com.example.project_pember.flutter.image_provider"
154-->[:image_picker_android] AndroidManifest.xml:11:13-74
155            android:exported="false"
155-->[:image_picker_android] AndroidManifest.xml:12:13-37
156            android:grantUriPermissions="true" >
156-->[:image_picker_android] AndroidManifest.xml:13:13-47
157            <meta-data
157-->[:image_picker_android] AndroidManifest.xml:14:13-16:75
158                android:name="android.support.FILE_PROVIDER_PATHS"
158-->[:image_picker_android] AndroidManifest.xml:15:17-67
159                android:resource="@xml/flutter_image_picker_file_paths" />
159-->[:image_picker_android] AndroidManifest.xml:16:17-72
160        </provider> <!-- Trigger Google Play services to install the backported photo picker module. -->
161        <service
161-->[:image_picker_android] AndroidManifest.xml:19:9-31:19
162            android:name="com.google.android.gms.metadata.ModuleDependencies"
162-->[:image_picker_android] AndroidManifest.xml:20:13-78
163            android:enabled="false"
163-->[:image_picker_android] AndroidManifest.xml:21:13-36
164            android:exported="false" >
164-->[:image_picker_android] AndroidManifest.xml:22:13-37
165            <intent-filter>
165-->[:image_picker_android] AndroidManifest.xml:24:13-26:29
166                <action android:name="com.google.android.gms.metadata.MODULE_DEPENDENCIES" />
166-->[:image_picker_android] AndroidManifest.xml:25:17-94
166-->[:image_picker_android] AndroidManifest.xml:25:25-91
167            </intent-filter>
168
169            <meta-data
169-->[:image_picker_android] AndroidManifest.xml:28:13-30:36
170                android:name="photopicker_activity:0:required"
170-->[:image_picker_android] AndroidManifest.xml:29:17-63
171                android:value="" />
171-->[:image_picker_android] AndroidManifest.xml:30:17-33
172        </service>
173        <service
173-->[:geolocator_android] AndroidManifest.xml:8:9-12:56
174            android:name="com.baseflow.geolocator.GeolocatorLocationService"
174-->[:geolocator_android] AndroidManifest.xml:9:13-77
175            android:enabled="true"
175-->[:geolocator_android] AndroidManifest.xml:10:13-35
176            android:exported="false"
176-->[:geolocator_android] AndroidManifest.xml:11:13-37
177            android:foregroundServiceType="location" />
177-->[:geolocator_android] AndroidManifest.xml:12:13-53
178
179        <activity
179-->[com.google.firebase:firebase-auth:23.2.0] AndroidManifest.xml:29:9-46:20
180            android:name="com.google.firebase.auth.internal.GenericIdpActivity"
180-->[com.google.firebase:firebase-auth:23.2.0] AndroidManifest.xml:30:13-80
181            android:excludeFromRecents="true"
181-->[com.google.firebase:firebase-auth:23.2.0] AndroidManifest.xml:31:13-46
182            android:exported="true"
182-->[com.google.firebase:firebase-auth:23.2.0] AndroidManifest.xml:32:13-36
183            android:launchMode="singleTask"
183-->[com.google.firebase:firebase-auth:23.2.0] AndroidManifest.xml:33:13-44
184            android:theme="@android:style/Theme.Translucent.NoTitleBar" >
184-->[com.google.firebase:firebase-auth:23.2.0] AndroidManifest.xml:34:13-72
185            <intent-filter>
185-->[com.google.firebase:firebase-auth:23.2.0] AndroidManifest.xml:35:13-45:29
186                <action android:name="android.intent.action.VIEW" />
186-->[com.google.firebase:firebase-auth:23.2.0] AndroidManifest.xml:36:17-69
186-->[com.google.firebase:firebase-auth:23.2.0] AndroidManifest.xml:36:25-66
187
188                <category android:name="android.intent.category.DEFAULT" />
188-->[com.google.firebase:firebase-auth:23.2.0] AndroidManifest.xml:38:17-76
188-->[com.google.firebase:firebase-auth:23.2.0] AndroidManifest.xml:38:27-73
189                <category android:name="android.intent.category.BROWSABLE" />
189-->[com.google.firebase:firebase-auth:23.2.0] AndroidManifest.xml:39:17-78
189-->[com.google.firebase:firebase-auth:23.2.0] AndroidManifest.xml:39:27-75
190
191                <data
191-->src\main\AndroidManifest.xml:63:13-50
192                    android:host="firebase.auth"
193                    android:path="/"
194                    android:scheme="genericidp" />
195            </intent-filter>
196        </activity>
197        <activity
197-->[com.google.firebase:firebase-auth:23.2.0] AndroidManifest.xml:47:9-64:20
198            android:name="com.google.firebase.auth.internal.RecaptchaActivity"
198-->[com.google.firebase:firebase-auth:23.2.0] AndroidManifest.xml:48:13-79
199            android:excludeFromRecents="true"
199-->[com.google.firebase:firebase-auth:23.2.0] AndroidManifest.xml:49:13-46
200            android:exported="true"
200-->[com.google.firebase:firebase-auth:23.2.0] AndroidManifest.xml:50:13-36
201            android:launchMode="singleTask"
201-->[com.google.firebase:firebase-auth:23.2.0] AndroidManifest.xml:51:13-44
202            android:theme="@android:style/Theme.Translucent.NoTitleBar" >
202-->[com.google.firebase:firebase-auth:23.2.0] AndroidManifest.xml:52:13-72
203            <intent-filter>
203-->[com.google.firebase:firebase-auth:23.2.0] AndroidManifest.xml:53:13-63:29
204                <action android:name="android.intent.action.VIEW" />
204-->[com.google.firebase:firebase-auth:23.2.0] AndroidManifest.xml:36:17-69
204-->[com.google.firebase:firebase-auth:23.2.0] AndroidManifest.xml:36:25-66
205
206                <category android:name="android.intent.category.DEFAULT" />
206-->[com.google.firebase:firebase-auth:23.2.0] AndroidManifest.xml:38:17-76
206-->[com.google.firebase:firebase-auth:23.2.0] AndroidManifest.xml:38:27-73
207                <category android:name="android.intent.category.BROWSABLE" />
207-->[com.google.firebase:firebase-auth:23.2.0] AndroidManifest.xml:39:17-78
207-->[com.google.firebase:firebase-auth:23.2.0] AndroidManifest.xml:39:27-75
208
209                <data
209-->src\main\AndroidManifest.xml:63:13-50
210                    android:host="firebase.auth"
211                    android:path="/"
212                    android:scheme="recaptcha" />
213            </intent-filter>
214        </activity>
215
216        <receiver
216-->[com.google.firebase:firebase-messaging:24.1.1] AndroidManifest.xml:29:9-40:20
217            android:name="com.google.firebase.iid.FirebaseInstanceIdReceiver"
217-->[com.google.firebase:firebase-messaging:24.1.1] AndroidManifest.xml:30:13-78
218            android:exported="true"
218-->[com.google.firebase:firebase-messaging:24.1.1] AndroidManifest.xml:31:13-36
219            android:permission="com.google.android.c2dm.permission.SEND" >
219-->[com.google.firebase:firebase-messaging:24.1.1] AndroidManifest.xml:32:13-73
220            <intent-filter>
220-->[com.google.firebase:firebase-messaging:24.1.1] AndroidManifest.xml:33:13-35:29
221                <action android:name="com.google.android.c2dm.intent.RECEIVE" />
221-->[com.google.firebase:firebase-messaging:24.1.1] AndroidManifest.xml:34:17-81
221-->[com.google.firebase:firebase-messaging:24.1.1] AndroidManifest.xml:34:25-78
222            </intent-filter>
223
224            <meta-data
224-->[com.google.firebase:firebase-messaging:24.1.1] AndroidManifest.xml:37:13-39:40
225                android:name="com.google.android.gms.cloudmessaging.FINISHED_AFTER_HANDLED"
225-->[com.google.firebase:firebase-messaging:24.1.1] AndroidManifest.xml:38:17-92
226                android:value="true" />
226-->[com.google.firebase:firebase-messaging:24.1.1] AndroidManifest.xml:39:17-37
227        </receiver>
228        <!--
229             FirebaseMessagingService performs security checks at runtime,
230             but set to not exported to explicitly avoid allowing another app to call it.
231        -->
232        <service
232-->[com.google.firebase:firebase-messaging:24.1.1] AndroidManifest.xml:46:9-53:19
233            android:name="com.google.firebase.messaging.FirebaseMessagingService"
233-->[com.google.firebase:firebase-messaging:24.1.1] AndroidManifest.xml:47:13-82
234            android:directBootAware="true"
234-->[com.google.firebase:firebase-messaging:24.1.1] AndroidManifest.xml:48:13-43
235            android:exported="false" >
235-->[com.google.firebase:firebase-messaging:24.1.1] AndroidManifest.xml:49:13-37
236            <intent-filter android:priority="-500" >
236-->[com.google.firebase:firebase-messaging:24.1.1] AndroidManifest.xml:50:13-52:29
236-->[com.google.firebase:firebase-messaging:24.1.1] AndroidManifest.xml:50:28-51
237                <action android:name="com.google.firebase.MESSAGING_EVENT" />
237-->[com.google.firebase:firebase-messaging:24.1.1] AndroidManifest.xml:51:17-78
237-->[com.google.firebase:firebase-messaging:24.1.1] AndroidManifest.xml:51:25-75
238            </intent-filter>
239        </service>
240        <service
240-->[androidx.credentials:credentials-play-services-auth:1.2.0-rc01] AndroidManifest.xml:24:9-32:19
241            android:name="androidx.credentials.playservices.CredentialProviderMetadataHolder"
241-->[androidx.credentials:credentials-play-services-auth:1.2.0-rc01] AndroidManifest.xml:25:13-94
242            android:enabled="true"
242-->[androidx.credentials:credentials-play-services-auth:1.2.0-rc01] AndroidManifest.xml:26:13-35
243            android:exported="false" >
243-->[androidx.credentials:credentials-play-services-auth:1.2.0-rc01] AndroidManifest.xml:27:13-37
244            <meta-data
244-->[androidx.credentials:credentials-play-services-auth:1.2.0-rc01] AndroidManifest.xml:29:13-31:104
245                android:name="androidx.credentials.CREDENTIAL_PROVIDER_KEY"
245-->[androidx.credentials:credentials-play-services-auth:1.2.0-rc01] AndroidManifest.xml:30:17-76
246                android:value="androidx.credentials.playservices.CredentialProviderPlayServicesImpl" />
246-->[androidx.credentials:credentials-play-services-auth:1.2.0-rc01] AndroidManifest.xml:31:17-101
247        </service>
248
249        <activity
249-->[androidx.credentials:credentials-play-services-auth:1.2.0-rc01] AndroidManifest.xml:34:9-41:20
250            android:name="androidx.credentials.playservices.HiddenActivity"
250-->[androidx.credentials:credentials-play-services-auth:1.2.0-rc01] AndroidManifest.xml:35:13-76
251            android:configChanges="orientation|screenSize|screenLayout|keyboardHidden"
251-->[androidx.credentials:credentials-play-services-auth:1.2.0-rc01] AndroidManifest.xml:36:13-87
252            android:enabled="true"
252-->[androidx.credentials:credentials-play-services-auth:1.2.0-rc01] AndroidManifest.xml:37:13-35
253            android:exported="false"
253-->[androidx.credentials:credentials-play-services-auth:1.2.0-rc01] AndroidManifest.xml:38:13-37
254            android:fitsSystemWindows="true"
254-->[androidx.credentials:credentials-play-services-auth:1.2.0-rc01] AndroidManifest.xml:39:13-45
255            android:theme="@style/Theme.Hidden" >
255-->[androidx.credentials:credentials-play-services-auth:1.2.0-rc01] AndroidManifest.xml:40:13-48
256        </activity>
257        <activity
257-->[com.google.android.gms:play-services-auth:20.7.0] AndroidManifest.xml:23:9-27:75
258            android:name="com.google.android.gms.auth.api.signin.internal.SignInHubActivity"
258-->[com.google.android.gms:play-services-auth:20.7.0] AndroidManifest.xml:24:13-93
259            android:excludeFromRecents="true"
259-->[com.google.android.gms:play-services-auth:20.7.0] AndroidManifest.xml:25:13-46
260            android:exported="false"
260-->[com.google.android.gms:play-services-auth:20.7.0] AndroidManifest.xml:26:13-37
261            android:theme="@android:style/Theme.Translucent.NoTitleBar" />
261-->[com.google.android.gms:play-services-auth:20.7.0] AndroidManifest.xml:27:13-72
262        <!--
263            Service handling Google Sign-In user revocation. For apps that do not integrate with
264            Google Sign-In, this service will never be started.
265        -->
266        <service
266-->[com.google.android.gms:play-services-auth:20.7.0] AndroidManifest.xml:33:9-37:51
267            android:name="com.google.android.gms.auth.api.signin.RevocationBoundService"
267-->[com.google.android.gms:play-services-auth:20.7.0] AndroidManifest.xml:34:13-89
268            android:exported="true"
268-->[com.google.android.gms:play-services-auth:20.7.0] AndroidManifest.xml:35:13-36
269            android:permission="com.google.android.gms.auth.api.signin.permission.REVOCATION_NOTIFICATION"
269-->[com.google.android.gms:play-services-auth:20.7.0] AndroidManifest.xml:36:13-107
270            android:visibleToInstantApps="true" />
270-->[com.google.android.gms:play-services-auth:20.7.0] AndroidManifest.xml:37:13-48
271
272        <activity
272-->[com.google.android.gms:play-services-base:18.3.0] AndroidManifest.xml:20:9-22:45
273            android:name="com.google.android.gms.common.api.GoogleApiActivity"
273-->[com.google.android.gms:play-services-base:18.3.0] AndroidManifest.xml:20:19-85
274            android:exported="false"
274-->[com.google.android.gms:play-services-base:18.3.0] AndroidManifest.xml:22:19-43
275            android:theme="@android:style/Theme.Translucent.NoTitleBar" />
275-->[com.google.android.gms:play-services-base:18.3.0] AndroidManifest.xml:21:19-78
276
277        <provider
277-->[com.google.firebase:firebase-common:21.0.0] AndroidManifest.xml:23:9-28:39
278            android:name="com.google.firebase.provider.FirebaseInitProvider"
278-->[com.google.firebase:firebase-common:21.0.0] AndroidManifest.xml:24:13-77
279            android:authorities="com.example.project_pember.firebaseinitprovider"
279-->[com.google.firebase:firebase-common:21.0.0] AndroidManifest.xml:25:13-72
280            android:directBootAware="true"
280-->[com.google.firebase:firebase-common:21.0.0] AndroidManifest.xml:26:13-43
281            android:exported="false"
281-->[com.google.firebase:firebase-common:21.0.0] AndroidManifest.xml:27:13-37
282            android:initOrder="100" />
282-->[com.google.firebase:firebase-common:21.0.0] AndroidManifest.xml:28:13-36
283        <provider
283-->[androidx.emoji2:emoji2:1.2.0] AndroidManifest.xml:24:9-32:20
284            android:name="androidx.startup.InitializationProvider"